INFO - POIS - Running command 'main'
INFO - POIS - Started run with ID "524"
Logging to lunar
Using 5 CPUs
2018-10-05 17:44:05.086971: I tensorflow/core/platform/cpu_feature_guard.cc:141] Your CPU supports instructions that this TensorFlow binary was not compiled to use: AVX2 FMA
2018-10-05 17:44:05.090501: I tensorflow/core/platform/cpu_feature_guard.cc:141] Your CPU supports instructions that this TensorFlow binary was not compiled to use: AVX2 FMA
2018-10-05 17:44:05.097906: I tensorflow/core/platform/cpu_feature_guard.cc:141] Your CPU supports instructions that this TensorFlow binary was not compiled to use: AVX2 FMA
2018-10-05 17:44:05.129103: I tensorflow/core/platform/cpu_feature_guard.cc:141] Your CPU supports instructions that this TensorFlow binary was not compiled to use: AVX2 FMA
2018-10-05 17:44:05.135104: I tensorflow/core/platform/cpu_feature_guard.cc:141] Your CPU supports instructions that this TensorFlow binary was not compiled to use: AVX2 FMA
2018-10-05 17:44:05.156449: I tensorflow/core/platform/cpu_feature_guard.cc:141] Your CPU supports instructions that this TensorFlow binary was not compiled to use: AVX2 FMA
[33mWARN: gym.spaces.Box autodetected dtype as <class 'numpy.float32'>. Please provide explicit dtype.[0m
[33mWARN: gym.spaces.Box autodetected dtype as <class 'numpy.float32'>. Please provide explicit dtype.[0m
[33mWARN: gym.spaces.Box autodetected dtype as <class 'numpy.float32'>. Please provide explicit dtype.[0m
[33mWARN: gym.spaces.Box autodetected dtype as <class 'numpy.float32'>. Please provide explicit dtype.[0m
[33mWARN: gym.spaces.Box autodetected dtype as <class 'numpy.float32'>. Please provide explicit dtype.[0m
[33mWARN: gym.spaces.Box autodetected dtype as <class 'numpy.float32'>. Please provide explicit dtype.[0m
[33mWARN: gym.spaces.Box autodetected dtype as <class 'numpy.float32'>. Please provide explicit dtype.[0m
[33mWARN: gym.spaces.Box autodetected dtype as <class 'numpy.float32'>. Please provide explicit dtype.[0m
[33mWARN: gym.spaces.Box autodetected dtype as <class 'numpy.float32'>. Please provide explicit dtype.[0m
[33mWARN: gym.spaces.Box autodetected dtype as <class 'numpy.float32'>. Please provide explicit dtype.[0m
[33mWARN: gym.spaces.Box autodetected dtype as <class 'numpy.float32'>. Please provide explicit dtype.[0m
[33mWARN: gym.spaces.Box autodetected dtype as <class 'numpy.float32'>. Please provide explicit dtype.[0m
Worker 82357 - Running with seed 113
Worker 82350 - Running with seed 110
Worker 82353 - Running with seed 111
Worker 82347 - Running with seed 109
Worker 82356 - Running with seed 112
********** Iteration 1 ************
[35msampling[0m
Process Worker-2:
Traceback (most recent call last):
  File "/usr/lib/python3.5/multiprocessing/process.py", line 249, in _bootstrap
    self.run()
  File "/home/pois/nico/t3p/baselines/baselines/pois/parallel_sampler.py", line 120, in run
    samples = self.traj_segment_generator(pi, env)
  File "/home/pois/nico/t3p/baselines/baselines/pois/parallel_sampler.py", line 149, in <lambda>
    f = lambda pi, env: traj_segment_function(pi, env, n_episodes_per_process, horizon, stochastic)
  File "/home/pois/nico/t3p/baselines/baselines/pois/parallel_sampler.py", line 55, in traj_segment_function
    ob, rew, new, _ = env.step(ac)
  File "/usr/local/lib/python3.5/dist-packages/gym/wrappers/time_limit.py", line 31, in step
    observation, reward, done, info = self.env.step(action)
  File "/usr/local/lib/python3.5/dist-packages/gym/envs/box2d/lunar_lander.py", line 238, in step
    assert self.action_space.contains(action), "%r (%s) invalid " % (action,type(action))
AssertionError: array([1.729834 , 0.6898283], dtype=float32) (<class 'numpy.ndarray'>) invalid 
Process Worker-1:
Traceback (most recent call last):
  File "/usr/lib/python3.5/multiprocessing/process.py", line 249, in _bootstrap
    self.run()
  File "/home/pois/nico/t3p/baselines/baselines/pois/parallel_sampler.py", line 120, in run
    samples = self.traj_segment_generator(pi, env)
  File "/home/pois/nico/t3p/baselines/baselines/pois/parallel_sampler.py", line 149, in <lambda>
    f = lambda pi, env: traj_segment_function(pi, env, n_episodes_per_process, horizon, stochastic)
  File "/home/pois/nico/t3p/baselines/baselines/pois/parallel_sampler.py", line 55, in traj_segment_function
    ob, rew, new, _ = env.step(ac)
  File "/usr/local/lib/python3.5/dist-packages/gym/wrappers/time_limit.py", line 31, in step
    observation, reward, done, info = self.env.step(action)
  File "/usr/local/lib/python3.5/dist-packages/gym/envs/box2d/lunar_lander.py", line 238, in step
    assert self.action_space.contains(action), "%r (%s) invalid " % (action,type(action))
AssertionError: array([ 1.873049 , -0.8880132], dtype=float32) (<class 'numpy.ndarray'>) invalid 
Process Worker-3:
Traceback (most recent call last):
  File "/usr/lib/python3.5/multiprocessing/process.py", line 249, in _bootstrap
    self.run()
  File "/home/pois/nico/t3p/baselines/baselines/pois/parallel_sampler.py", line 120, in run
    samples = self.traj_segment_generator(pi, env)
  File "/home/pois/nico/t3p/baselines/baselines/pois/parallel_sampler.py", line 149, in <lambda>
    f = lambda pi, env: traj_segment_function(pi, env, n_episodes_per_process, horizon, stochastic)
  File "/home/pois/nico/t3p/baselines/baselines/pois/parallel_sampler.py", line 55, in traj_segment_function
    ob, rew, new, _ = env.step(ac)
  File "/usr/local/lib/python3.5/dist-packages/gym/wrappers/time_limit.py", line 31, in step
    observation, reward, done, info = self.env.step(action)
  File "/usr/local/lib/python3.5/dist-packages/gym/envs/box2d/lunar_lander.py", line 238, in step
    assert self.action_space.contains(action), "%r (%s) invalid " % (action,type(action))
AssertionError: array([1.4676182 , 0.40559435], dtype=float32) (<class 'numpy.ndarray'>) invalid 
Process Worker-4:
Traceback (most recent call last):
  File "/usr/lib/python3.5/multiprocessing/process.py", line 249, in _bootstrap
    self.run()
  File "/home/pois/nico/t3p/baselines/baselines/pois/parallel_sampler.py", line 120, in run
    samples = self.traj_segment_generator(pi, env)
  File "/home/pois/nico/t3p/baselines/baselines/pois/parallel_sampler.py", line 149, in <lambda>
    f = lambda pi, env: traj_segment_function(pi, env, n_episodes_per_process, horizon, stochastic)
  File "/home/pois/nico/t3p/baselines/baselines/pois/parallel_sampler.py", line 55, in traj_segment_function
    ob, rew, new, _ = env.step(ac)
  File "/usr/local/lib/python3.5/dist-packages/gym/wrappers/time_limit.py", line 31, in step
    observation, reward, done, info = self.env.step(action)
  File "/usr/local/lib/python3.5/dist-packages/gym/envs/box2d/lunar_lander.py", line 238, in step
    assert self.action_space.contains(action), "%r (%s) invalid " % (action,type(action))
AssertionError: array([-3.0576339 , -0.23050295], dtype=float32) (<class 'numpy.ndarray'>) invalid 
Process Worker-5:
Traceback (most recent call last):
  File "/usr/lib/python3.5/multiprocessing/process.py", line 249, in _bootstrap
    self.run()
  File "/home/pois/nico/t3p/baselines/baselines/pois/parallel_sampler.py", line 120, in run
    samples = self.traj_segment_generator(pi, env)
  File "/home/pois/nico/t3p/baselines/baselines/pois/parallel_sampler.py", line 149, in <lambda>
    f = lambda pi, env: traj_segment_function(pi, env, n_episodes_per_process, horizon, stochastic)
  File "/home/pois/nico/t3p/baselines/baselines/pois/parallel_sampler.py", line 55, in traj_segment_function
    ob, rew, new, _ = env.step(ac)
  File "/usr/local/lib/python3.5/dist-packages/gym/wrappers/time_limit.py", line 31, in step
    observation, reward, done, info = self.env.step(action)
  File "/usr/local/lib/python3.5/dist-packages/gym/envs/box2d/lunar_lander.py", line 238, in step
    assert self.action_space.contains(action), "%r (%s) invalid " % (action,type(action))
AssertionError: array([ 0.8072423, -1.018726 ], dtype=float32) (<class 'numpy.ndarray'>) invalid 
